<?xml version="1.0" encoding="UTF-8"?>
<testng-results ignored="0" total="5" passed="4" failed="1" skipped="0">
  <reporter-output>
  </reporter-output>
  <suite started-at="2025-11-03T13:00:27 IST" name="Suite" finished-at="2025-11-03T13:01:10 IST" duration-ms="43412">
    <groups>
      <group name="ErrorHandling">
        <method signature="ErroValidations.inValidCred()[pri:0, instance:framework.Test.ErroValidations@1e0f9063]" name="inValidCred" class="framework.Test.ErroValidations"/>
      </group> <!-- ErrorHandling -->
      <group name="purchase">
        <method signature="StandAloneTestFramework.submitOrder(java.lang.String,java.lang.String,java.lang.String)[pri:0, instance:framework.Test.StandAloneTestFramework@4b1d6571]" name="submitOrder" class="framework.Test.StandAloneTestFramework"/>
      </group> <!-- purchase -->
    </groups>
    <test started-at="2025-11-03T13:00:27 IST" name="standAloneTestFramework" finished-at="2025-11-03T13:00:57 IST" duration-ms="30488">
      <class name="framework.Test.StandAloneTestFramework">
        <test-method is-config="true" signature="launchApplication()[pri:0, instance:framework.Test.StandAloneTestFramework@4b1d6571]" started-at="2025-11-03T13:00:27 IST" name="launchApplication" finished-at="2025-11-03T13:00:37 IST" duration-ms="10036" status="PASS">
          <reporter-output>
          </reporter-output>
        </test-method> <!-- launchApplication -->
        <test-method signature="submitOrder(java.lang.String,java.lang.String,java.lang.String)[pri:0, instance:framework.Test.StandAloneTestFramework@4b1d6571]" started-at="2025-11-03T13:00:37 IST" name="submitOrder" data-provider="DataSet" finished-at="2025-11-03T13:00:43 IST" duration-ms="5735" status="PASS">
          <params>
            <param index="0">
              <value>
                <![CDATA[albin_qa@test.com]]>
              </value>
            </param>
            <param index="1">
              <value>
                <![CDATA[12345678aA!]]>
              </value>
            </param>
            <param index="2">
              <value>
                <![CDATA[ZARA COAT 3]]>
              </value>
            </param>
          </params>
          <reporter-output>
          </reporter-output>
        </test-method> <!-- submitOrder -->
        <test-method is-config="true" signature="quit()[pri:0, instance:framework.Test.StandAloneTestFramework@4b1d6571]" started-at="2025-11-03T13:00:43 IST" name="quit" finished-at="2025-11-03T13:00:43 IST" duration-ms="415" status="PASS">
          <reporter-output>
          </reporter-output>
        </test-method> <!-- quit -->
        <test-method is-config="true" signature="launchApplication()[pri:0, instance:framework.Test.StandAloneTestFramework@4b1d6571]" started-at="2025-11-03T13:00:43 IST" name="launchApplication" finished-at="2025-11-03T13:00:47 IST" duration-ms="3682" status="PASS">
          <reporter-output>
          </reporter-output>
        </test-method> <!-- launchApplication -->
        <test-method signature="submitOrder(java.lang.String,java.lang.String,java.lang.String)[pri:0, instance:framework.Test.StandAloneTestFramework@4b1d6571]" started-at="2025-11-03T13:00:47 IST" name="submitOrder" data-provider="DataSet" finished-at="2025-11-03T13:00:52 IST" duration-ms="5656" status="PASS">
          <params>
            <param index="0">
              <value>
                <![CDATA[albin_qa@test.com]]>
              </value>
            </param>
            <param index="1">
              <value>
                <![CDATA[12345678aA!]]>
              </value>
            </param>
            <param index="2">
              <value>
                <![CDATA[ADIDAS ORIGINAL]]>
              </value>
            </param>
          </params>
          <reporter-output>
          </reporter-output>
        </test-method> <!-- submitOrder -->
        <test-method is-config="true" signature="quit()[pri:0, instance:framework.Test.StandAloneTestFramework@4b1d6571]" started-at="2025-11-03T13:00:52 IST" name="quit" finished-at="2025-11-03T13:00:53 IST" duration-ms="316" status="PASS">
          <reporter-output>
          </reporter-output>
        </test-method> <!-- quit -->
        <test-method is-config="true" signature="launchApplication()[pri:0, instance:framework.Test.StandAloneTestFramework@4b1d6571]" started-at="2025-11-03T13:00:53 IST" name="launchApplication" finished-at="2025-11-03T13:00:55 IST" duration-ms="2535" status="PASS">
          <reporter-output>
          </reporter-output>
        </test-method> <!-- launchApplication -->
        <test-method signature="Orderhistory()[pri:0, instance:framework.Test.StandAloneTestFramework@4b1d6571]" started-at="2025-11-03T13:00:55 IST" name="Orderhistory" finished-at="2025-11-03T13:00:57 IST" depends-on-methods="framework.Test.StandAloneTestFramework.submitOrder" duration-ms="1455" status="FAIL">
          <exception class="java.lang.AssertionError">
            <message>
              <![CDATA[expected [true] but found [false]]]>
            </message>
            <full-stacktrace>
              <![CDATA[java.lang.AssertionError: expected [true] but found [false]
at org.testng.Assert.fail(Assert.java:111)
at org.testng.Assert.failNotEquals(Assert.java:1590)
at org.testng.Assert.assertTrue(Assert.java:57)
at org.testng.Assert.assertTrue(Assert.java:67)
at framework.Test.StandAloneTestFramework.Orderhistory(StandAloneTestFramework.java:56)
at java.base/jdk.internal.reflect.NativeMethodAccessorImpl.invoke0(Native Method)
at java.base/jdk.internal.reflect.NativeMethodAccessorImpl.invoke(NativeMethodAccessorImpl.java:77)
at java.base/jdk.internal.reflect.DelegatingMethodAccessorImpl.invoke(DelegatingMethodAccessorImpl.java:43)
at java.base/java.lang.reflect.Method.invoke(Method.java:568)
at org.testng.internal.invokers.MethodInvocationHelper.invokeMethod(MethodInvocationHelper.java:141)
at org.testng.internal.invokers.TestInvoker.invokeMethod(TestInvoker.java:687)
at org.testng.internal.invokers.TestInvoker.invokeTestMethod(TestInvoker.java:230)
at org.testng.internal.invokers.MethodRunner.runInSequence(MethodRunner.java:63)
at org.testng.internal.invokers.TestInvoker$MethodInvocationAgent.invoke(TestInvoker.java:995)
at org.testng.internal.invokers.TestInvoker.invokeTestMethods(TestInvoker.java:203)
at org.testng.internal.invokers.TestMethodWorker.invokeTestMethods(TestMethodWorker.java:154)
at org.testng.internal.invokers.TestMethodWorker.run(TestMethodWorker.java:134)
at java.base/java.util.ArrayList.forEach(ArrayList.java:1511)
at org.testng.TestRunner.privateRun(TestRunner.java:741)
at org.testng.TestRunner.run(TestRunner.java:616)
at org.testng.SuiteRunner.runTest(SuiteRunner.java:421)
at org.testng.SuiteRunner.runSequentially(SuiteRunner.java:413)
at org.testng.SuiteRunner.privateRun(SuiteRunner.java:373)
at org.testng.SuiteRunner.run(SuiteRunner.java:312)
at org.testng.SuiteRunnerWorker.runSuite(SuiteRunnerWorker.java:52)
at org.testng.SuiteRunnerWorker.run(SuiteRunnerWorker.java:95)
at org.testng.TestNG.runSuitesSequentially(TestNG.java:1274)
at org.testng.TestNG.runSuitesLocally(TestNG.java:1208)
at org.testng.TestNG.runSuites(TestNG.java:1112)
at org.testng.TestNG.run(TestNG.java:1079)
at org.testng.remote.AbstractRemoteTestNG.run(AbstractRemoteTestNG.java:115)
at org.testng.remote.RemoteTestNG.initAndRun(RemoteTestNG.java:293)
at org.testng.remote.RemoteTestNG.main(RemoteTestNG.java:91)
]]>
            </full-stacktrace>
          </exception> <!-- java.lang.AssertionError -->
          <reporter-output>
          </reporter-output>
        </test-method> <!-- Orderhistory -->
        <test-method is-config="true" signature="quit()[pri:0, instance:framework.Test.StandAloneTestFramework@4b1d6571]" started-at="2025-11-03T13:00:57 IST" name="quit" finished-at="2025-11-03T13:00:57 IST" duration-ms="310" status="PASS">
          <reporter-output>
          </reporter-output>
        </test-method> <!-- quit -->
      </class> <!-- framework.Test.StandAloneTestFramework -->
    </test> <!-- standAloneTestFramework -->
    <test started-at="2025-11-03T13:00:58 IST" name="Error Validation" finished-at="2025-11-03T13:01:10 IST" duration-ms="12124">
      <class name="framework.Test.ErroValidations">
        <test-method is-config="true" signature="launchApplication()[pri:0, instance:framework.Test.ErroValidations@1e0f9063]" started-at="2025-11-03T13:00:58 IST" name="launchApplication" finished-at="2025-11-03T13:01:02 IST" duration-ms="3824" status="PASS">
          <reporter-output>
          </reporter-output>
        </test-method> <!-- launchApplication -->
        <test-method signature="inValidCred()[pri:0, instance:framework.Test.ErroValidations@1e0f9063]" started-at="2025-11-03T13:01:02 IST" name="inValidCred" finished-at="2025-11-03T13:01:03 IST" duration-ms="747" status="PASS">
          <reporter-output>
          </reporter-output>
        </test-method> <!-- inValidCred -->
        <test-method is-config="true" signature="quit()[pri:0, instance:framework.Test.ErroValidations@1e0f9063]" started-at="2025-11-03T13:01:03 IST" name="quit" finished-at="2025-11-03T13:01:03 IST" duration-ms="295" status="PASS">
          <reporter-output>
          </reporter-output>
        </test-method> <!-- quit -->
        <test-method is-config="true" signature="launchApplication()[pri:0, instance:framework.Test.ErroValidations@1e0f9063]" started-at="2025-11-03T13:01:03 IST" name="launchApplication" finished-at="2025-11-03T13:01:05 IST" duration-ms="2495" status="PASS">
          <reporter-output>
          </reporter-output>
        </test-method> <!-- launchApplication -->
        <test-method signature="productValidations()[pri:0, instance:framework.Test.ErroValidations@1e0f9063]" started-at="2025-11-03T13:01:05 IST" name="productValidations" finished-at="2025-11-03T13:01:10 IST" duration-ms="4457" status="PASS">
          <reporter-output>
          </reporter-output>
        </test-method> <!-- productValidations -->
        <test-method is-config="true" signature="quit()[pri:0, instance:framework.Test.ErroValidations@1e0f9063]" started-at="2025-11-03T13:01:10 IST" name="quit" finished-at="2025-11-03T13:01:10 IST" duration-ms="290" status="PASS">
          <reporter-output>
          </reporter-output>
        </test-method> <!-- quit -->
      </class> <!-- framework.Test.ErroValidations -->
    </test> <!-- Error Validation -->
  </suite> <!-- Suite -->
</testng-results>
