<?xml version="1.0" encoding="UTF-8"?>
<!-- Generated by org.testng.reporters.JUnitReportReporter -->
<testsuite hostname="DESKTOP-SAG052C" failures="0" tests="2" name="framework.Test.ErroValidations" time="12.108" errors="0" timestamp="2025-11-03T13:01:11 IST" skipped="0">
  <testcase classname="framework.Test.ErroValidations" name="productValidations" time="7.242"/>
  <testcase classname="framework.Test.ErroValidations" name="inValidCred" time="4.866"/>
</testsuite> <!-- framework.Test.ErroValidations -->
