<?xml version="1.0" encoding="UTF-8"?>
<!-- Generated by org.testng.reporters.JUnitReportReporter -->
<testsuite hostname="DESKTOP-K1OC1K9" failures="0" tests="2" name="framework.Test.ErroValidations" time="18.074" errors="0" timestamp="2025-10-31T14:43:22 IST" skipped="0">
  <testcase classname="framework.Test.ErroValidations" name="inValidCred" time="11.314"/>
  <testcase classname="framework.Test.ErroValidations" name="productValidations" time="6.760"/>
</testsuite> <!-- framework.Test.ErroValidations -->
